<?xml version="1.0" encoding="UTF-8"?>
<testsuite xmlns:xsi="http://www.w3.org/2001/XMLSchema-instance" xsi:noNamespaceSchemaLocation="https://maven.apache.org/surefire/maven-surefire-plugin/xsd/surefire-test-report.xsd" name="org.example.webComponents.ParamDropDownMenuTest" time="5.643" tests="2" errors="0" skipped="0" failures="0">
  <properties>
[...]
</properties>
  <testcase name="checkDropDownMenuForText[0]" classname="org.example.webComponents.ParamDropDownMenuTest" time="3.731"/>
  <testcase name="checkDropDownMenuForText[1]" classname="org.example.webComponents.ParamDropDownMenuTest" time="1.783"/>
</testsuite>